Determining if the pthread_create exist failed with the following output:
Change Dir: /home/business/code_repository/pcl_codes/deep_learning_data_collection/build/CMakeFiles/CMakeTmp

Run Build Command:"/usr/bin/make" "cmTC_77478/fast"
/usr/bin/make -f CMakeFiles/cmTC_77478.dir/build.make CMakeFiles/cmTC_77478.dir/build
make[1]: Entering directory '/home/business/code_repository/pcl_codes/deep_learning_data_collection/build/CMakeFiles/CMakeTmp'
Building C object CMakeFiles/cmTC_77478.dir/CheckSymbolExists.c.o
/usr/bin/cc    -o CMakeFiles/cmTC_77478.dir/CheckSymbolExists.c.o   -c /home/business/code_repository/pcl_codes/deep_learning_data_collection/build/CMakeFiles/CMakeTmp/CheckSymbolExists.c
Linking C executable cmTC_77478
/usr/bin/cmake -E cmake_link_script CMakeFiles/cmTC_77478.dir/link.txt --verbose=1
/usr/bin/cc      -rdynamic CMakeFiles/cmTC_77478.dir/CheckSymbolExists.c.o  -o cmTC_77478 
CMakeFiles/cmTC_77478.dir/CheckSymbolExists.c.o: In function `main':
CheckSymbolExists.c:(.text+0x1b): undefined reference to `pthread_create'
collect2: error: ld returned 1 exit status
CMakeFiles/cmTC_77478.dir/build.make:97: recipe for target 'cmTC_77478' failed
make[1]: *** [cmTC_77478] Error 1
make[1]: Leaving directory '/home/business/code_repository/pcl_codes/deep_learning_data_collection/build/CMakeFiles/CMakeTmp'
Makefile:126: recipe for target 'cmTC_77478/fast' failed
make: *** [cmTC_77478/fast] Error 2

File /home/business/code_repository/pcl_codes/deep_learning_data_collection/build/CMakeFiles/CMakeTmp/CheckSymbolExists.c:
/* */
#include <pthread.h>

int main(int argc, char** argv)
{
  (void)argv;
#ifndef pthread_create
  return ((int*)(&pthread_create))[argc];
#else
  (void)argc;
  return 0;
#endif
}

Determining if the function pthread_create exists in the pthreads failed with the following output:
Change Dir: /home/business/code_repository/pcl_codes/deep_learning_data_collection/build/CMakeFiles/CMakeTmp

Run Build Command:"/usr/bin/make" "cmTC_499fd/fast"
/usr/bin/make -f CMakeFiles/cmTC_499fd.dir/build.make CMakeFiles/cmTC_499fd.dir/build
make[1]: Entering directory '/home/business/code_repository/pcl_codes/deep_learning_data_collection/build/CMakeFiles/CMakeTmp'
Building C object CMakeFiles/cmTC_499fd.dir/CheckFunctionExists.c.o
/usr/bin/cc   -DCHECK_FUNCTION_EXISTS=pthread_create   -o CMakeFiles/cmTC_499fd.dir/CheckFunctionExists.c.o   -c /usr/share/cmake-3.10/Modules/CheckFunctionExists.c
Linking C executable cmTC_499fd
/usr/bin/cmake -E cmake_link_script CMakeFiles/cmTC_499fd.dir/link.txt --verbose=1
/usr/bin/cc  -DCHECK_FUNCTION_EXISTS=pthread_create    -rdynamic CMakeFiles/cmTC_499fd.dir/CheckFunctionExists.c.o  -o cmTC_499fd -lpthreads 
/usr/bin/ld: cannot find -lpthreads
collect2: error: ld returned 1 exit status
CMakeFiles/cmTC_499fd.dir/build.make:97: recipe for target 'cmTC_499fd' failed
make[1]: *** [cmTC_499fd] Error 1
make[1]: Leaving directory '/home/business/code_repository/pcl_codes/deep_learning_data_collection/build/CMakeFiles/CMakeTmp'
Makefile:126: recipe for target 'cmTC_499fd/fast' failed
make: *** [cmTC_499fd/fast] Error 2


