Determining if the pthread_create exist failed with the following output:
Change Dir: /home/business/code_repository/pcl_codes/gripper_CAD_model_to_point_cloud/build/CMakeFiles/CMakeTmp

Run Build Command:"/usr/bin/make" "cmTC_3d6cb/fast"
/usr/bin/make -f CMakeFiles/cmTC_3d6cb.dir/build.make CMakeFiles/cmTC_3d6cb.dir/build
make[1]: Entering directory '/home/business/code_repository/pcl_codes/gripper_CAD_model_to_point_cloud/build/CMakeFiles/CMakeTmp'
Building C object CMakeFiles/cmTC_3d6cb.dir/CheckSymbolExists.c.o
/usr/bin/cc    -o CMakeFiles/cmTC_3d6cb.dir/CheckSymbolExists.c.o   -c /home/business/code_repository/pcl_codes/gripper_CAD_model_to_point_cloud/build/CMakeFiles/CMakeTmp/CheckSymbolExists.c
Linking C executable cmTC_3d6cb
/usr/bin/cmake -E cmake_link_script CMakeFiles/cmTC_3d6cb.dir/link.txt --verbose=1
/usr/bin/cc      -rdynamic CMakeFiles/cmTC_3d6cb.dir/CheckSymbolExists.c.o  -o cmTC_3d6cb 
CMakeFiles/cmTC_3d6cb.dir/CheckSymbolExists.c.o: In function `main':
CheckSymbolExists.c:(.text+0x1b): undefined reference to `pthread_create'
collect2: error: ld returned 1 exit status
CMakeFiles/cmTC_3d6cb.dir/build.make:97: recipe for target 'cmTC_3d6cb' failed
make[1]: *** [cmTC_3d6cb] Error 1
make[1]: Leaving directory '/home/business/code_repository/pcl_codes/gripper_CAD_model_to_point_cloud/build/CMakeFiles/CMakeTmp'
Makefile:126: recipe for target 'cmTC_3d6cb/fast' failed
make: *** [cmTC_3d6cb/fast] Error 2

File /home/business/code_repository/pcl_codes/gripper_CAD_model_to_point_cloud/build/CMakeFiles/CMakeTmp/CheckSymbolExists.c:
/* */
#include <pthread.h>

int main(int argc, char** argv)
{
  (void)argv;
#ifndef pthread_create
  return ((int*)(&pthread_create))[argc];
#else
  (void)argc;
  return 0;
#endif
}

Determining if the function pthread_create exists in the pthreads failed with the following output:
Change Dir: /home/business/code_repository/pcl_codes/gripper_CAD_model_to_point_cloud/build/CMakeFiles/CMakeTmp

Run Build Command:"/usr/bin/make" "cmTC_5efeb/fast"
/usr/bin/make -f CMakeFiles/cmTC_5efeb.dir/build.make CMakeFiles/cmTC_5efeb.dir/build
make[1]: Entering directory '/home/business/code_repository/pcl_codes/gripper_CAD_model_to_point_cloud/build/CMakeFiles/CMakeTmp'
Building C object CMakeFiles/cmTC_5efeb.dir/CheckFunctionExists.c.o
/usr/bin/cc   -DCHECK_FUNCTION_EXISTS=pthread_create   -o CMakeFiles/cmTC_5efeb.dir/CheckFunctionExists.c.o   -c /usr/share/cmake-3.10/Modules/CheckFunctionExists.c
Linking C executable cmTC_5efeb
/usr/bin/cmake -E cmake_link_script CMakeFiles/cmTC_5efeb.dir/link.txt --verbose=1
/usr/bin/cc  -DCHECK_FUNCTION_EXISTS=pthread_create    -rdynamic CMakeFiles/cmTC_5efeb.dir/CheckFunctionExists.c.o  -o cmTC_5efeb -lpthreads 
/usr/bin/ld: cannot find -lpthreads
collect2: error: ld returned 1 exit status
CMakeFiles/cmTC_5efeb.dir/build.make:97: recipe for target 'cmTC_5efeb' failed
make[1]: *** [cmTC_5efeb] Error 1
make[1]: Leaving directory '/home/business/code_repository/pcl_codes/gripper_CAD_model_to_point_cloud/build/CMakeFiles/CMakeTmp'
Makefile:126: recipe for target 'cmTC_5efeb/fast' failed
make: *** [cmTC_5efeb/fast] Error 2


