Determining if the pthread_create exist failed with the following output:
Change Dir: /home/work/code_repository/gazebo_plugins/two_link_arm/build/CMakeFiles/CMakeTmp

Run Build Command:"/usr/bin/make" "cmTC_7381a/fast"
/usr/bin/make -f CMakeFiles/cmTC_7381a.dir/build.make CMakeFiles/cmTC_7381a.dir/build
make[1]: Entering directory '/home/work/code_repository/gazebo_plugins/two_link_arm/build/CMakeFiles/CMakeTmp'
Building C object CMakeFiles/cmTC_7381a.dir/CheckSymbolExists.c.o
/usr/bin/cc     -o CMakeFiles/cmTC_7381a.dir/CheckSymbolExists.c.o   -c /home/work/code_repository/gazebo_plugins/two_link_arm/build/CMakeFiles/CMakeTmp/CheckSymbolExists.c
Linking C executable cmTC_7381a
/usr/bin/cmake -E cmake_link_script CMakeFiles/cmTC_7381a.dir/link.txt --verbose=1
/usr/bin/cc       CMakeFiles/cmTC_7381a.dir/CheckSymbolExists.c.o  -o cmTC_7381a -rdynamic 
CMakeFiles/cmTC_7381a.dir/CheckSymbolExists.c.o: In function `main':
CheckSymbolExists.c:(.text+0x16): undefined reference to `pthread_create'
collect2: error: ld returned 1 exit status
CMakeFiles/cmTC_7381a.dir/build.make:97: recipe for target 'cmTC_7381a' failed
make[1]: *** [cmTC_7381a] Error 1
make[1]: Leaving directory '/home/work/code_repository/gazebo_plugins/two_link_arm/build/CMakeFiles/CMakeTmp'
Makefile:126: recipe for target 'cmTC_7381a/fast' failed
make: *** [cmTC_7381a/fast] Error 2

File /home/work/code_repository/gazebo_plugins/two_link_arm/build/CMakeFiles/CMakeTmp/CheckSymbolExists.c:
/* */
#include <pthread.h>

int main(int argc, char** argv)
{
  (void)argv;
#ifndef pthread_create
  return ((int*)(&pthread_create))[argc];
#else
  (void)argc;
  return 0;
#endif
}

Determining if the function pthread_create exists in the pthreads failed with the following output:
Change Dir: /home/work/code_repository/gazebo_plugins/two_link_arm/build/CMakeFiles/CMakeTmp

Run Build Command:"/usr/bin/make" "cmTC_91cae/fast"
/usr/bin/make -f CMakeFiles/cmTC_91cae.dir/build.make CMakeFiles/cmTC_91cae.dir/build
make[1]: Entering directory '/home/work/code_repository/gazebo_plugins/two_link_arm/build/CMakeFiles/CMakeTmp'
Building C object CMakeFiles/cmTC_91cae.dir/CheckFunctionExists.c.o
/usr/bin/cc    -DCHECK_FUNCTION_EXISTS=pthread_create   -o CMakeFiles/cmTC_91cae.dir/CheckFunctionExists.c.o   -c /usr/share/cmake-3.5/Modules/CheckFunctionExists.c
Linking C executable cmTC_91cae
/usr/bin/cmake -E cmake_link_script CMakeFiles/cmTC_91cae.dir/link.txt --verbose=1
/usr/bin/cc   -DCHECK_FUNCTION_EXISTS=pthread_create    CMakeFiles/cmTC_91cae.dir/CheckFunctionExists.c.o  -o cmTC_91cae -rdynamic -lpthreads 
/usr/bin/ld: cannot find -lpthreads
collect2: error: ld returned 1 exit status
CMakeFiles/cmTC_91cae.dir/build.make:97: recipe for target 'cmTC_91cae' failed
make[1]: *** [cmTC_91cae] Error 1
make[1]: Leaving directory '/home/work/code_repository/gazebo_plugins/two_link_arm/build/CMakeFiles/CMakeTmp'
Makefile:126: recipe for target 'cmTC_91cae/fast' failed
make: *** [cmTC_91cae/fast] Error 2


