Determining if the pthread_create exist failed with the following output:
Change Dir: /home/franka3/grasping_msorour/code_repository/pcl_codes/grasping2/build/CMakeFiles/CMakeTmp

Run Build Command:"/usr/bin/make" "cmTC_c0410/fast"
/usr/bin/make -f CMakeFiles/cmTC_c0410.dir/build.make CMakeFiles/cmTC_c0410.dir/build
make[1]: Entering directory '/home/franka3/grasping_msorour/code_repository/pcl_codes/grasping2/build/CMakeFiles/CMakeTmp'
Building C object CMakeFiles/cmTC_c0410.dir/CheckSymbolExists.c.o
/usr/bin/cc     -o CMakeFiles/cmTC_c0410.dir/CheckSymbolExists.c.o   -c /home/franka3/grasping_msorour/code_repository/pcl_codes/grasping2/build/CMakeFiles/CMakeTmp/CheckSymbolExists.c
Linking C executable cmTC_c0410
/usr/bin/cmake -E cmake_link_script CMakeFiles/cmTC_c0410.dir/link.txt --verbose=1
/usr/bin/cc       CMakeFiles/cmTC_c0410.dir/CheckSymbolExists.c.o  -o cmTC_c0410 -rdynamic 
CMakeFiles/cmTC_c0410.dir/CheckSymbolExists.c.o: In function `main':
CheckSymbolExists.c:(.text+0x16): undefined reference to `pthread_create'
collect2: error: ld returned 1 exit status
CMakeFiles/cmTC_c0410.dir/build.make:97: recipe for target 'cmTC_c0410' failed
make[1]: *** [cmTC_c0410] Error 1
make[1]: Leaving directory '/home/franka3/grasping_msorour/code_repository/pcl_codes/grasping2/build/CMakeFiles/CMakeTmp'
Makefile:126: recipe for target 'cmTC_c0410/fast' failed
make: *** [cmTC_c0410/fast] Error 2

File /home/franka3/grasping_msorour/code_repository/pcl_codes/grasping2/build/CMakeFiles/CMakeTmp/CheckSymbolExists.c:
/* */
#include <pthread.h>

int main(int argc, char** argv)
{
  (void)argv;
#ifndef pthread_create
  return ((int*)(&pthread_create))[argc];
#else
  (void)argc;
  return 0;
#endif
}

Determining if the function pthread_create exists in the pthreads failed with the following output:
Change Dir: /home/franka3/grasping_msorour/code_repository/pcl_codes/grasping2/build/CMakeFiles/CMakeTmp

Run Build Command:"/usr/bin/make" "cmTC_81595/fast"
/usr/bin/make -f CMakeFiles/cmTC_81595.dir/build.make CMakeFiles/cmTC_81595.dir/build
make[1]: Entering directory '/home/franka3/grasping_msorour/code_repository/pcl_codes/grasping2/build/CMakeFiles/CMakeTmp'
Building C object CMakeFiles/cmTC_81595.dir/CheckFunctionExists.c.o
/usr/bin/cc    -DCHECK_FUNCTION_EXISTS=pthread_create   -o CMakeFiles/cmTC_81595.dir/CheckFunctionExists.c.o   -c /usr/share/cmake-3.5/Modules/CheckFunctionExists.c
Linking C executable cmTC_81595
/usr/bin/cmake -E cmake_link_script CMakeFiles/cmTC_81595.dir/link.txt --verbose=1
/usr/bin/cc   -DCHECK_FUNCTION_EXISTS=pthread_create    CMakeFiles/cmTC_81595.dir/CheckFunctionExists.c.o  -o cmTC_81595 -rdynamic -lpthreads 
/usr/bin/ld: cannot find -lpthreads
collect2: error: ld returned 1 exit status
CMakeFiles/cmTC_81595.dir/build.make:97: recipe for target 'cmTC_81595' failed
make[1]: *** [cmTC_81595] Error 1
make[1]: Leaving directory '/home/franka3/grasping_msorour/code_repository/pcl_codes/grasping2/build/CMakeFiles/CMakeTmp'
Makefile:126: recipe for target 'cmTC_81595/fast' failed
make: *** [cmTC_81595/fast] Error 2


