Determining if the pthread_create exist failed with the following output:
Change Dir: /home/work/code_repository/gazebo_plugin_trials/franka_panda_control_plugin/build/CMakeFiles/CMakeTmp

Run Build Command:"/usr/bin/make" "cmTC_a48fd/fast"
/usr/bin/make -f CMakeFiles/cmTC_a48fd.dir/build.make CMakeFiles/cmTC_a48fd.dir/build
make[1]: Entering directory '/home/work/code_repository/gazebo_plugin_trials/franka_panda_control_plugin/build/CMakeFiles/CMakeTmp'
Building C object CMakeFiles/cmTC_a48fd.dir/CheckSymbolExists.c.o
/usr/bin/cc     -o CMakeFiles/cmTC_a48fd.dir/CheckSymbolExists.c.o   -c /home/work/code_repository/gazebo_plugin_trials/franka_panda_control_plugin/build/CMakeFiles/CMakeTmp/CheckSymbolExists.c
Linking C executable cmTC_a48fd
/usr/bin/cmake -E cmake_link_script CMakeFiles/cmTC_a48fd.dir/link.txt --verbose=1
/usr/bin/cc       CMakeFiles/cmTC_a48fd.dir/CheckSymbolExists.c.o  -o cmTC_a48fd -rdynamic 
CMakeFiles/cmTC_a48fd.dir/CheckSymbolExists.c.o: In function `main':
CheckSymbolExists.c:(.text+0x16): undefined reference to `pthread_create'
collect2: error: ld returned 1 exit status
CMakeFiles/cmTC_a48fd.dir/build.make:97: recipe for target 'cmTC_a48fd' failed
make[1]: *** [cmTC_a48fd] Error 1
make[1]: Leaving directory '/home/work/code_repository/gazebo_plugin_trials/franka_panda_control_plugin/build/CMakeFiles/CMakeTmp'
Makefile:126: recipe for target 'cmTC_a48fd/fast' failed
make: *** [cmTC_a48fd/fast] Error 2

File /home/work/code_repository/gazebo_plugin_trials/franka_panda_control_plugin/build/CMakeFiles/CMakeTmp/CheckSymbolExists.c:
/* */
#include <pthread.h>

int main(int argc, char** argv)
{
  (void)argv;
#ifndef pthread_create
  return ((int*)(&pthread_create))[argc];
#else
  (void)argc;
  return 0;
#endif
}

Determining if the function pthread_create exists in the pthreads failed with the following output:
Change Dir: /home/work/code_repository/gazebo_plugin_trials/franka_panda_control_plugin/build/CMakeFiles/CMakeTmp

Run Build Command:"/usr/bin/make" "cmTC_9dd10/fast"
/usr/bin/make -f CMakeFiles/cmTC_9dd10.dir/build.make CMakeFiles/cmTC_9dd10.dir/build
make[1]: Entering directory '/home/work/code_repository/gazebo_plugin_trials/franka_panda_control_plugin/build/CMakeFiles/CMakeTmp'
Building C object CMakeFiles/cmTC_9dd10.dir/CheckFunctionExists.c.o
/usr/bin/cc    -DCHECK_FUNCTION_EXISTS=pthread_create   -o CMakeFiles/cmTC_9dd10.dir/CheckFunctionExists.c.o   -c /usr/share/cmake-3.5/Modules/CheckFunctionExists.c
Linking C executable cmTC_9dd10
/usr/bin/cmake -E cmake_link_script CMakeFiles/cmTC_9dd10.dir/link.txt --verbose=1
/usr/bin/cc   -DCHECK_FUNCTION_EXISTS=pthread_create    CMakeFiles/cmTC_9dd10.dir/CheckFunctionExists.c.o  -o cmTC_9dd10 -rdynamic -lpthreads 
/usr/bin/ld: cannot find -lpthreads
collect2: error: ld returned 1 exit status
CMakeFiles/cmTC_9dd10.dir/build.make:97: recipe for target 'cmTC_9dd10' failed
make[1]: *** [cmTC_9dd10] Error 1
make[1]: Leaving directory '/home/work/code_repository/gazebo_plugin_trials/franka_panda_control_plugin/build/CMakeFiles/CMakeTmp'
Makefile:126: recipe for target 'cmTC_9dd10/fast' failed
make: *** [cmTC_9dd10/fast] Error 2


