Determining if the pthread_create exist failed with the following output:
Change Dir: /home/franka3/grasping_msorour/code_repository/allegro_hand_control/src/CMakeFiles/CMakeTmp

Run Build Command:"/usr/bin/make" "cmTC_7abc5/fast"
/usr/bin/make -f CMakeFiles/cmTC_7abc5.dir/build.make CMakeFiles/cmTC_7abc5.dir/build
make[1]: Entering directory '/home/franka3/grasping_msorour/code_repository/allegro_hand_control/src/CMakeFiles/CMakeTmp'
Building C object CMakeFiles/cmTC_7abc5.dir/CheckSymbolExists.c.o
/usr/bin/cc     -o CMakeFiles/cmTC_7abc5.dir/CheckSymbolExists.c.o   -c /home/franka3/grasping_msorour/code_repository/allegro_hand_control/src/CMakeFiles/CMakeTmp/CheckSymbolExists.c
Linking C executable cmTC_7abc5
/usr/bin/cmake -E cmake_link_script CMakeFiles/cmTC_7abc5.dir/link.txt --verbose=1
/usr/bin/cc       CMakeFiles/cmTC_7abc5.dir/CheckSymbolExists.c.o  -o cmTC_7abc5 -rdynamic 
CMakeFiles/cmTC_7abc5.dir/CheckSymbolExists.c.o: In function `main':
CheckSymbolExists.c:(.text+0x16): undefined reference to `pthread_create'
collect2: error: ld returned 1 exit status
CMakeFiles/cmTC_7abc5.dir/build.make:97: recipe for target 'cmTC_7abc5' failed
make[1]: *** [cmTC_7abc5] Error 1
make[1]: Leaving directory '/home/franka3/grasping_msorour/code_repository/allegro_hand_control/src/CMakeFiles/CMakeTmp'
Makefile:126: recipe for target 'cmTC_7abc5/fast' failed
make: *** [cmTC_7abc5/fast] Error 2

File /home/franka3/grasping_msorour/code_repository/allegro_hand_control/src/CMakeFiles/CMakeTmp/CheckSymbolExists.c:
/* */
#include <pthread.h>

int main(int argc, char** argv)
{
  (void)argv;
#ifndef pthread_create
  return ((int*)(&pthread_create))[argc];
#else
  (void)argc;
  return 0;
#endif
}

Determining if the function pthread_create exists in the pthreads failed with the following output:
Change Dir: /home/franka3/grasping_msorour/code_repository/allegro_hand_control/src/CMakeFiles/CMakeTmp

Run Build Command:"/usr/bin/make" "cmTC_edb86/fast"
/usr/bin/make -f CMakeFiles/cmTC_edb86.dir/build.make CMakeFiles/cmTC_edb86.dir/build
make[1]: Entering directory '/home/franka3/grasping_msorour/code_repository/allegro_hand_control/src/CMakeFiles/CMakeTmp'
Building C object CMakeFiles/cmTC_edb86.dir/CheckFunctionExists.c.o
/usr/bin/cc    -DCHECK_FUNCTION_EXISTS=pthread_create   -o CMakeFiles/cmTC_edb86.dir/CheckFunctionExists.c.o   -c /usr/share/cmake-3.5/Modules/CheckFunctionExists.c
Linking C executable cmTC_edb86
/usr/bin/cmake -E cmake_link_script CMakeFiles/cmTC_edb86.dir/link.txt --verbose=1
/usr/bin/cc   -DCHECK_FUNCTION_EXISTS=pthread_create    CMakeFiles/cmTC_edb86.dir/CheckFunctionExists.c.o  -o cmTC_edb86 -rdynamic -lpthreads 
/usr/bin/ld: cannot find -lpthreads
collect2: error: ld returned 1 exit status
CMakeFiles/cmTC_edb86.dir/build.make:97: recipe for target 'cmTC_edb86' failed
make[1]: *** [cmTC_edb86] Error 1
make[1]: Leaving directory '/home/franka3/grasping_msorour/code_repository/allegro_hand_control/src/CMakeFiles/CMakeTmp'
Makefile:126: recipe for target 'cmTC_edb86/fast' failed
make: *** [cmTC_edb86/fast] Error 2


