Determining if the pthread_create exist failed with the following output:
Change Dir: /home/work/code_repository/gazebo_plugins/franka_panda_arm_plus_own_gripper_control_plugin/build/CMakeFiles/CMakeTmp

Run Build Command:"/usr/bin/make" "cmTC_26a46/fast"
/usr/bin/make -f CMakeFiles/cmTC_26a46.dir/build.make CMakeFiles/cmTC_26a46.dir/build
make[1]: Entering directory '/home/work/code_repository/gazebo_plugins/franka_panda_arm_plus_own_gripper_control_plugin/build/CMakeFiles/CMakeTmp'
Building C object CMakeFiles/cmTC_26a46.dir/CheckSymbolExists.c.o
/usr/bin/cc     -o CMakeFiles/cmTC_26a46.dir/CheckSymbolExists.c.o   -c /home/work/code_repository/gazebo_plugins/franka_panda_arm_plus_own_gripper_control_plugin/build/CMakeFiles/CMakeTmp/CheckSymbolExists.c
Linking C executable cmTC_26a46
/usr/bin/cmake -E cmake_link_script CMakeFiles/cmTC_26a46.dir/link.txt --verbose=1
/usr/bin/cc       CMakeFiles/cmTC_26a46.dir/CheckSymbolExists.c.o  -o cmTC_26a46 -rdynamic 
CMakeFiles/cmTC_26a46.dir/CheckSymbolExists.c.o: In function `main':
CheckSymbolExists.c:(.text+0x16): undefined reference to `pthread_create'
collect2: error: ld returned 1 exit status
CMakeFiles/cmTC_26a46.dir/build.make:97: recipe for target 'cmTC_26a46' failed
make[1]: *** [cmTC_26a46] Error 1
make[1]: Leaving directory '/home/work/code_repository/gazebo_plugins/franka_panda_arm_plus_own_gripper_control_plugin/build/CMakeFiles/CMakeTmp'
Makefile:126: recipe for target 'cmTC_26a46/fast' failed
make: *** [cmTC_26a46/fast] Error 2

File /home/work/code_repository/gazebo_plugins/franka_panda_arm_plus_own_gripper_control_plugin/build/CMakeFiles/CMakeTmp/CheckSymbolExists.c:
/* */
#include <pthread.h>

int main(int argc, char** argv)
{
  (void)argv;
#ifndef pthread_create
  return ((int*)(&pthread_create))[argc];
#else
  (void)argc;
  return 0;
#endif
}

Determining if the function pthread_create exists in the pthreads failed with the following output:
Change Dir: /home/work/code_repository/gazebo_plugins/franka_panda_arm_plus_own_gripper_control_plugin/build/CMakeFiles/CMakeTmp

Run Build Command:"/usr/bin/make" "cmTC_96835/fast"
/usr/bin/make -f CMakeFiles/cmTC_96835.dir/build.make CMakeFiles/cmTC_96835.dir/build
make[1]: Entering directory '/home/work/code_repository/gazebo_plugins/franka_panda_arm_plus_own_gripper_control_plugin/build/CMakeFiles/CMakeTmp'
Building C object CMakeFiles/cmTC_96835.dir/CheckFunctionExists.c.o
/usr/bin/cc    -DCHECK_FUNCTION_EXISTS=pthread_create   -o CMakeFiles/cmTC_96835.dir/CheckFunctionExists.c.o   -c /usr/share/cmake-3.5/Modules/CheckFunctionExists.c
Linking C executable cmTC_96835
/usr/bin/cmake -E cmake_link_script CMakeFiles/cmTC_96835.dir/link.txt --verbose=1
/usr/bin/cc   -DCHECK_FUNCTION_EXISTS=pthread_create    CMakeFiles/cmTC_96835.dir/CheckFunctionExists.c.o  -o cmTC_96835 -rdynamic -lpthreads 
/usr/bin/ld: cannot find -lpthreads
collect2: error: ld returned 1 exit status
CMakeFiles/cmTC_96835.dir/build.make:97: recipe for target 'cmTC_96835' failed
make[1]: *** [cmTC_96835] Error 1
make[1]: Leaving directory '/home/work/code_repository/gazebo_plugins/franka_panda_arm_plus_own_gripper_control_plugin/build/CMakeFiles/CMakeTmp'
Makefile:126: recipe for target 'cmTC_96835/fast' failed
make: *** [cmTC_96835/fast] Error 2


