Determining if the pthread_create exist failed with the following output:
Change Dir: /home/business/code_repository/pcl_codes/grasping_time_efficient_plus_optimizing_contacts/build/CMakeFiles/CMakeTmp

Run Build Command:"/usr/bin/make" "cmTC_eafb7/fast"
/usr/bin/make -f CMakeFiles/cmTC_eafb7.dir/build.make CMakeFiles/cmTC_eafb7.dir/build
make[1]: Entering directory '/home/business/code_repository/pcl_codes/grasping_time_efficient_plus_optimizing_contacts/build/CMakeFiles/CMakeTmp'
Building C object CMakeFiles/cmTC_eafb7.dir/CheckSymbolExists.c.o
/usr/bin/cc    -o CMakeFiles/cmTC_eafb7.dir/CheckSymbolExists.c.o   -c /home/business/code_repository/pcl_codes/grasping_time_efficient_plus_optimizing_contacts/build/CMakeFiles/CMakeTmp/CheckSymbolExists.c
Linking C executable cmTC_eafb7
/usr/bin/cmake -E cmake_link_script CMakeFiles/cmTC_eafb7.dir/link.txt --verbose=1
/usr/bin/cc      -rdynamic CMakeFiles/cmTC_eafb7.dir/CheckSymbolExists.c.o  -o cmTC_eafb7 
CMakeFiles/cmTC_eafb7.dir/CheckSymbolExists.c.o: In function `main':
CheckSymbolExists.c:(.text+0x1b): undefined reference to `pthread_create'
collect2: error: ld returned 1 exit status
CMakeFiles/cmTC_eafb7.dir/build.make:97: recipe for target 'cmTC_eafb7' failed
make[1]: *** [cmTC_eafb7] Error 1
make[1]: Leaving directory '/home/business/code_repository/pcl_codes/grasping_time_efficient_plus_optimizing_contacts/build/CMakeFiles/CMakeTmp'
Makefile:126: recipe for target 'cmTC_eafb7/fast' failed
make: *** [cmTC_eafb7/fast] Error 2

File /home/business/code_repository/pcl_codes/grasping_time_efficient_plus_optimizing_contacts/build/CMakeFiles/CMakeTmp/CheckSymbolExists.c:
/* */
#include <pthread.h>

int main(int argc, char** argv)
{
  (void)argv;
#ifndef pthread_create
  return ((int*)(&pthread_create))[argc];
#else
  (void)argc;
  return 0;
#endif
}

Determining if the function pthread_create exists in the pthreads failed with the following output:
Change Dir: /home/business/code_repository/pcl_codes/grasping_time_efficient_plus_optimizing_contacts/build/CMakeFiles/CMakeTmp

Run Build Command:"/usr/bin/make" "cmTC_93e49/fast"
/usr/bin/make -f CMakeFiles/cmTC_93e49.dir/build.make CMakeFiles/cmTC_93e49.dir/build
make[1]: Entering directory '/home/business/code_repository/pcl_codes/grasping_time_efficient_plus_optimizing_contacts/build/CMakeFiles/CMakeTmp'
Building C object CMakeFiles/cmTC_93e49.dir/CheckFunctionExists.c.o
/usr/bin/cc   -DCHECK_FUNCTION_EXISTS=pthread_create   -o CMakeFiles/cmTC_93e49.dir/CheckFunctionExists.c.o   -c /usr/share/cmake-3.10/Modules/CheckFunctionExists.c
Linking C executable cmTC_93e49
/usr/bin/cmake -E cmake_link_script CMakeFiles/cmTC_93e49.dir/link.txt --verbose=1
/usr/bin/cc  -DCHECK_FUNCTION_EXISTS=pthread_create    -rdynamic CMakeFiles/cmTC_93e49.dir/CheckFunctionExists.c.o  -o cmTC_93e49 -lpthreads 
/usr/bin/ld: cannot find -lpthreads
collect2: error: ld returned 1 exit status
CMakeFiles/cmTC_93e49.dir/build.make:97: recipe for target 'cmTC_93e49' failed
make[1]: *** [cmTC_93e49] Error 1
make[1]: Leaving directory '/home/business/code_repository/pcl_codes/grasping_time_efficient_plus_optimizing_contacts/build/CMakeFiles/CMakeTmp'
Makefile:126: recipe for target 'cmTC_93e49/fast' failed
make: *** [cmTC_93e49/fast] Error 2


